<?xml version="1.0" encoding="UTF-8"?>
<!-- Generated by org.testng.reporters.JUnitXMLReporter -->
<testsuite ignored="0" hostname="m-c02f62usmd6n" failures="1" tests="1" name="Testfirefox" time="13.125" errors="0" timestamp="2023-02-19T20:37:55 IST">
  <testcase classname="assignment10.Assignment10" name="verifycreationandDeletionOfCource" time="13.121">
    <failure type="org.openqa.selenium.ElementClickInterceptedException" message="Element &amp;lt;button&amp;gt; is not clickable at point (1379,100) because another element &amp;lt;a class=&amp;quot;nav-menu-item active&amp;quot; href=&amp;quot;/course/manage&amp;quot;&amp;gt; obscures it
Build info: version: &amp;apos;4.7.0&amp;apos;, revision: &amp;apos;0a5b49d16f&amp;apos;
System info: os.name: &amp;apos;Mac OS X&amp;apos;, os.arch: &amp;apos;x86_64&amp;apos;, os.version: &amp;apos;10.16&amp;apos;, java.version: &amp;apos;13.0.9&amp;apos;
Driver info: org.openqa.selenium.firefox.FirefoxDriver
Command: [1ede2ef5-76ca-45b8-a488-84c51da5f5eb, clickElement {id=2898613b-8826-44a4-9788-0963fb781429}]
Capabilities {acceptInsecureCerts: true, browserName: firefox, browserVersion: 109.0.1, moz:accessibilityChecks: false, moz:buildID: 20230127170202, moz:debuggerAddress: 127.0.0.1:45159, moz:geckodriverVersion: 0.32.2, moz:headless: false, moz:platformVersion: 21.6.0, moz:processID: 62131, moz:profile: /var/folders/5l/tcxwsxl550v..., moz:shutdownTimeout: 60000, moz:useNonSpecCompliantPointerOrigin: false, moz:webdriverClick: true, moz:windowless: false, pageLoadStrategy: normal, platformName: MAC, proxy: Proxy(), se:cdp: ws://127.0.0.1:45159/devtoo..., se:cdpVersion: 85.0, setWindowRect: true, strictFileInteractability: false, timeouts: {implicit: 0, pageLoad: 300000, script: 30000}, unhandledPromptBehavior: dismiss and notify}
Element: [[FirefoxDriver: firefox on MAC (1ede2ef5-76ca-45b8-a488-84c51da5f5eb)] -&amp;gt; xpath: //button[contains(text(),&amp;apos;Add New Course&amp;apos;)]]
Session ID: 1ede2ef5-76ca-45b8-a488-84c51da5f5eb">
      <![CDATA[org.openqa.selenium.ElementClickInterceptedException: Element <button> is not clickable at point (1379,100) because another element <a class="nav-menu-item active" href="/course/manage"> obscures it
Build info: version: '4.7.0', revision: '0a5b49d16f'
System info: os.name: 'Mac OS X', os.arch: 'x86_64', os.version: '10.16', java.version: '13.0.9'
Driver info: org.openqa.selenium.firefox.FirefoxDriver
Command: [1ede2ef5-76ca-45b8-a488-84c51da5f5eb, clickElement {id=2898613b-8826-44a4-9788-0963fb781429}]
Capabilities {acceptInsecureCerts: true, browserName: firefox, browserVersion: 109.0.1, moz:accessibilityChecks: false, moz:buildID: 20230127170202, moz:debuggerAddress: 127.0.0.1:45159, moz:geckodriverVersion: 0.32.2, moz:headless: false, moz:platformVersion: 21.6.0, moz:processID: 62131, moz:profile: /var/folders/5l/tcxwsxl550v..., moz:shutdownTimeout: 60000, moz:useNonSpecCompliantPointerOrigin: false, moz:webdriverClick: true, moz:windowless: false, pageLoadStrategy: normal, platformName: MAC, proxy: Proxy(), se:cdp: ws://127.0.0.1:45159/devtoo..., se:cdpVersion: 85.0, setWindowRect: true, strictFileInteractability: false, timeouts: {implicit: 0, pageLoad: 300000, script: 30000}, unhandledPromptBehavior: dismiss and notify}
Element: [[FirefoxDriver: firefox on MAC (1ede2ef5-76ca-45b8-a488-84c51da5f5eb)] -> xpath: //button[contains(text(),'Add New Course')]]
Session ID: 1ede2ef5-76ca-45b8-a488-84c51da5f5eb
at org.openqa.selenium.remote.codec.w3c.W3CHttpResponseCodec.createException(W3CHttpResponseCodec.java:200)
at org.openqa.selenium.remote.codec.w3c.W3CHttpResponseCodec.decode(W3CHttpResponseCodec.java:133)
at org.openqa.selenium.remote.codec.w3c.W3CHttpResponseCodec.decode(W3CHttpResponseCodec.java:53)
at org.openqa.selenium.remote.HttpCommandExecutor.execute(HttpCommandExecutor.java:184)
at org.openqa.selenium.remote.service.DriverCommandExecutor.invokeExecute(DriverCommandExecutor.java:167)
at org.openqa.selenium.remote.service.DriverCommandExecutor.execute(DriverCommandExecutor.java:142)
at org.openqa.selenium.remote.RemoteWebDriver.execute(RemoteWebDriver.java:541)
at org.openqa.selenium.remote.RemoteWebElement.execute(RemoteWebElement.java:257)
at org.openqa.selenium.remote.RemoteWebElement.click(RemoteWebElement.java:78)
at assignment10.Assignment10.verifycreationandDeletionOfCource(Assignment10.java:74)
at java.base/java.util.ArrayList.forEach(ArrayList.java:1508)
at java.base/java.util.concurrent.FutureTask.run(FutureTask.java:264)
at java.base/java.util.concurrent.ThreadPoolExecutor.runWorker(ThreadPoolExecutor.java:1128)
at java.base/java.util.concurrent.ThreadPoolExecutor$Worker.run(ThreadPoolExecutor.java:628)
at java.base/java.lang.Thread.run(Thread.java:830)
... Removed 23 stack frames]]>
    </failure>
  </testcase> <!-- verifycreationandDeletionOfCource -->
</testsuite> <!-- Testfirefox -->
