<?xml version="1.0" encoding="UTF-8"?>
<!-- Generated by org.testng.reporters.JUnitXMLReporter -->
<testsuite ignored="0" hostname="m-c02f62usmd6n" failures="1" tests="1" name="Test(failed)(failed)(failed)" time="24.269" errors="0" timestamp="2023-02-19T19:07:00 IST">
  <testcase classname="assignment10.Assignment10" name="verifycreationandDeletionOfCource" time="24.236">
    <failure type="java.lang.AssertionError" message="Number of courses should remain same as before adding the new course: lists don&amp;apos;t have the same size expected [0] but found [1]">
      <![CDATA[java.lang.AssertionError: Number of courses should remain same as before adding the new course: lists don't have the same size expected [0] but found [1]
at assignment10.Assignment10.verifycreationandDeletionOfCource(Assignment10.java:111)
at java.base/java.util.ArrayList.forEach(ArrayList.java:1508)
... Removed 33 stack frames]]>
    </failure>
  </testcase> <!-- verifycreationandDeletionOfCource -->
</testsuite> <!-- Test(failed)(failed)(failed) -->
